Pig Stack Trace
---------------
ERROR 1200: <file 6.pig, line 7> Cannot expand macro 'ToUnixTime'. Reason: Macro must be defined before expansion.

org.apache.pig.impl.logicalLayer.FrontendException: ERROR 1000: Error during parsing. <file 6.pig, line 7> Cannot expand macro 'ToUnixTime'. Reason: Macro must be defined before expansion.
	at org.apache.pig.PigServer$Graph.parseQuery(PigServer.java:1597)
	at org.apache.pig.PigServer$Graph.registerQuery(PigServer.java:1540)
	at org.apache.pig.PigServer.registerQuery(PigServer.java:540)
	at org.apache.pig.tools.grunt.GruntParser.processPig(GruntParser.java:970)
	at org.apache.pig.tools.pigscript.parser.PigScriptParser.parse(PigScriptParser.java:386)
	at org.apache.pig.tools.grunt.GruntParser.parseStopOnError(GruntParser.java:189)
	at org.apache.pig.tools.grunt.GruntParser.parseStopOnError(GruntParser.java:165)
	at org.apache.pig.tools.grunt.Grunt.exec(Grunt.java:84)
	at org.apache.pig.Main.run(Main.java:555)
	at org.apache.pig.Main.main(Main.java:111)
	at sun.reflect.NativeMethodAccessorImpl.invoke0(Native Method)
	at sun.reflect.NativeMethodAccessorImpl.invoke(NativeMethodAccessorImpl.java:39)
	at sun.reflect.DelegatingMethodAccessorImpl.invoke(DelegatingMethodAccessorImpl.java:25)
	at java.lang.reflect.Method.invoke(Method.java:597)
	at org.apache.hadoop.util.RunJar.main(RunJar.java:197)
Caused by: Failed to parse: <file 6.pig, line 7> Cannot expand macro 'ToUnixTime'. Reason: Macro must be defined before expansion.
	at org.apache.pig.parser.PigMacro.macroInline(PigMacro.java:429)
	at org.apache.pig.parser.QueryParserDriver.inlineMacro(QueryParserDriver.java:283)
	at org.apache.pig.parser.QueryParserDriver.expandMacro(QueryParserDriver.java:272)
	at org.apache.pig.parser.QueryParserDriver.parse(QueryParserDriver.java:169)
	at org.apache.pig.PigServer$Graph.parseQuery(PigServer.java:1589)
	... 14 more
================================================================================
