Pig Stack Trace
---------------
ERROR 1052: 
<file 6.pig, line 13, column 41> Cannot cast bag with schema :bag{:tuple(length:bytearray)} to double

org.apache.pig.impl.logicalLayer.FrontendException: ERROR 1066: Unable to open iterator for alias cntd
	at org.apache.pig.PigServer.openIterator(PigServer.java:857)
	at org.apache.pig.tools.grunt.GruntParser.processDump(GruntParser.java:682)
	at org.apache.pig.tools.pigscript.parser.PigScriptParser.parse(PigScriptParser.java:303)
	at org.apache.pig.tools.grunt.GruntParser.parseStopOnError(GruntParser.java:189)
	at org.apache.pig.tools.grunt.GruntParser.parseStopOnError(GruntParser.java:165)
	at org.apache.pig.tools.grunt.Grunt.exec(Grunt.java:84)
	at org.apache.pig.Main.run(Main.java:555)
	at org.apache.pig.Main.main(Main.java:111)
	at sun.reflect.NativeMethodAccessorImpl.invoke0(Native Method)
	at sun.reflect.NativeMethodAccessorImpl.invoke(NativeMethodAccessorImpl.java:39)
	at sun.reflect.DelegatingMethodAccessorImpl.invoke(DelegatingMethodAccessorImpl.java:25)
	at java.lang.reflect.Method.invoke(Method.java:597)
	at org.apache.hadoop.util.RunJar.main(RunJar.java:197)
Caused by: org.apache.pig.PigException: ERROR 1002: Unable to store alias cntd
	at org.apache.pig.PigServer.storeEx(PigServer.java:956)
	at org.apache.pig.PigServer.store(PigServer.java:919)
	at org.apache.pig.PigServer.openIterator(PigServer.java:832)
	... 12 more
Caused by: org.apache.pig.impl.logicalLayer.validators.TypeCheckerException: ERROR 1059: 
<file 6.pig, line 13, column 7> Problem while reconciling output schema of ForEach
	at org.apache.pig.newplan.logical.visitor.TypeCheckingRelVisitor.throwTypeCheckerException(TypeCheckingRelVisitor.java:141)
	at org.apache.pig.newplan.logical.visitor.TypeCheckingRelVisitor.visit(TypeCheckingRelVisitor.java:181)
	at org.apache.pig.newplan.logical.relational.LOForEach.accept(LOForEach.java:75)
	at org.apache.pig.newplan.DependencyOrderWalker.walk(DependencyOrderWalker.java:75)
	at org.apache.pig.newplan.PlanVisitor.visit(PlanVisitor.java:50)
	at org.apache.pig.PigServer$Graph.compile(PigServer.java:1625)
	at org.apache.pig.PigServer$Graph.compile(PigServer.java:1611)
	at org.apache.pig.PigServer$Graph.access$200(PigServer.java:1334)
	at org.apache.pig.PigServer.storeEx(PigServer.java:951)
	... 14 more
Caused by: org.apache.pig.impl.logicalLayer.validators.TypeCheckerException: ERROR 1052: 
<file 6.pig, line 13, column 41> Cannot cast bag with schema :bag{:tuple(length:bytearray)} to double
	at org.apache.pig.newplan.logical.visitor.TypeCheckingExpVisitor.visit(TypeCheckingExpVisitor.java:503)
	at org.apache.pig.newplan.logical.expression.CastExpression.accept(CastExpression.java:44)
	at org.apache.pig.newplan.ReverseDependencyOrderWalker.walk(ReverseDependencyOrderWalker.java:70)
	at org.apache.pig.newplan.PlanVisitor.visit(PlanVisitor.java:50)
	at org.apache.pig.newplan.logical.visitor.TypeCheckingRelVisitor.visitExpressionPlan(TypeCheckingRelVisitor.java:190)
	at org.apache.pig.newplan.logical.visitor.TypeCheckingRelVisitor.visit(TypeCheckingRelVisitor.java:156)
	at org.apache.pig.newplan.logical.relational.LOGenerate.accept(LOGenerate.java:240)
	at org.apache.pig.newplan.DependencyOrderWalker.walk(DependencyOrderWalker.java:75)
	at org.apache.pig.newplan.PlanVisitor.visit(PlanVisitor.java:50)
	at org.apache.pig.newplan.logical.visitor.TypeCheckingRelVisitor.visit(TypeCheckingRelVisitor.java:173)
	... 21 more
================================================================================
