Pig Stack Trace
---------------
ERROR 1025: 
<file 6.pig, line 9, column 34> Invalid field projection. Projected field [group] does not exist in schema: date:bytearray,length:bytearray,type:bytearray,statuscode:bytearray,ipaddress:bytearray,url:bytearray,html:bytearray.

org.apache.pig.impl.logicalLayer.FrontendException: ERROR 1066: Unable to open iterator for alias dates
	at org.apache.pig.PigServer.openIterator(PigServer.java:857)
	at org.apache.pig.tools.grunt.GruntParser.processDump(GruntParser.java:682)
	at org.apache.pig.tools.pigscript.parser.PigScriptParser.parse(PigScriptParser.java:303)
	at org.apache.pig.tools.grunt.GruntParser.parseStopOnError(GruntParser.java:189)
	at org.apache.pig.tools.grunt.GruntParser.parseStopOnError(GruntParser.java:165)
	at org.apache.pig.tools.grunt.Grunt.exec(Grunt.java:84)
	at org.apache.pig.Main.run(Main.java:555)
	at org.apache.pig.Main.main(Main.java:111)
	at sun.reflect.NativeMethodAccessorImpl.invoke0(Native Method)
	at sun.reflect.NativeMethodAccessorImpl.invoke(NativeMethodAccessorImpl.java:39)
	at sun.reflect.DelegatingMethodAccessorImpl.invoke(DelegatingMethodAccessorImpl.java:25)
	at java.lang.reflect.Method.invoke(Method.java:597)
	at org.apache.hadoop.util.RunJar.main(RunJar.java:197)
Caused by: org.apache.pig.PigException: ERROR 1002: Unable to store alias dates
	at org.apache.pig.PigServer.storeEx(PigServer.java:956)
	at org.apache.pig.PigServer.store(PigServer.java:919)
	at org.apache.pig.PigServer.openIterator(PigServer.java:832)
	... 12 more
Caused by: org.apache.pig.impl.plan.PlanValidationException: ERROR 1025: 
<file 6.pig, line 9, column 34> Invalid field projection. Projected field [group] does not exist in schema: date:bytearray,length:bytearray,type:bytearray,statuscode:bytearray,ipaddress:bytearray,url:bytearray,html:bytearray.
	at org.apache.pig.newplan.logical.expression.ProjectExpression.findColNum(ProjectExpression.java:183)
	at org.apache.pig.newplan.logical.expression.ProjectExpression.setColumnNumberFromAlias(ProjectExpression.java:166)
	at org.apache.pig.newplan.logical.visitor.ColumnAliasConversionVisitor$1.visit(ColumnAliasConversionVisitor.java:53)
	at org.apache.pig.newplan.logical.expression.ProjectExpression.accept(ProjectExpression.java:207)
	at org.apache.pig.newplan.DependencyOrderWalker.walk(DependencyOrderWalker.java:75)
	at org.apache.pig.newplan.PlanVisitor.visit(PlanVisitor.java:50)
	at org.apache.pig.newplan.logical.optimizer.AllExpressionVisitor.visit(AllExpressionVisitor.java:136)
	at org.apache.pig.newplan.logical.relational.LOInnerLoad.accept(LOInnerLoad.java:128)
	at org.apache.pig.newplan.DependencyOrderWalker.walk(DependencyOrderWalker.java:75)
	at org.apache.pig.newplan.logical.optimizer.AllExpressionVisitor.visit(AllExpressionVisitor.java:114)
	at org.apache.pig.newplan.logical.relational.LOForEach.accept(LOForEach.java:75)
	at org.apache.pig.newplan.DependencyOrderWalker.walk(DependencyOrderWalker.java:75)
	at org.apache.pig.newplan.PlanVisitor.visit(PlanVisitor.java:50)
	at org.apache.pig.PigServer$Graph.compile(PigServer.java:1616)
	at org.apache.pig.PigServer$Graph.compile(PigServer.java:1611)
	at org.apache.pig.PigServer$Graph.access$200(PigServer.java:1334)
	at org.apache.pig.PigServer.storeEx(PigServer.java:951)
	... 14 more
================================================================================
