Pig Stack Trace
---------------
ERROR 1003: Unable to find an operator for alias output

org.apache.pig.impl.logicalLayer.FrontendException: ERROR 1003: Unable to find an operator for alias output
	at org.apache.pig.PigServer$Graph.buildPlan(PigServer.java:1433)
	at org.apache.pig.PigServer.storeEx(PigServer.java:947)
	at org.apache.pig.PigServer.store(PigServer.java:919)
	at org.apache.pig.PigServer.openIterator(PigServer.java:832)
	at org.apache.pig.tools.grunt.GruntParser.processDump(GruntParser.java:682)
	at org.apache.pig.tools.pigscript.parser.PigScriptParser.parse(PigScriptParser.java:303)
	at org.apache.pig.tools.grunt.GruntParser.parseStopOnError(GruntParser.java:189)
	at org.apache.pig.tools.grunt.GruntParser.parseStopOnError(GruntParser.java:165)
	at org.apache.pig.tools.grunt.Grunt.exec(Grunt.java:84)
	at org.apache.pig.Main.run(Main.java:555)
	at org.apache.pig.Main.main(Main.java:111)
	at sun.reflect.NativeMethodAccessorImpl.invoke0(Native Method)
	at sun.reflect.NativeMethodAccessorImpl.invoke(NativeMethodAccessorImpl.java:39)
	at sun.reflect.DelegatingMethodAccessorImpl.invoke(DelegatingMethodAccessorImpl.java:25)
	at java.lang.reflect.Method.invoke(Method.java:597)
	at org.apache.hadoop.util.RunJar.main(RunJar.java:197)
================================================================================
