Pig Stack Trace
---------------
ERROR 1066: Unable to open iterator for alias words1

org.apache.pig.impl.logicalLayer.FrontendException: ERROR 1066: Unable to open iterator for alias words1
	at org.apache.pig.PigServer.openIterator(PigServer.java:857)
	at org.apache.pig.tools.grunt.GruntParser.processDump(GruntParser.java:682)
	at org.apache.pig.tools.pigscript.parser.PigScriptParser.parse(PigScriptParser.java:303)
	at org.apache.pig.tools.grunt.GruntParser.parseStopOnError(GruntParser.java:189)
	at org.apache.pig.tools.grunt.GruntParser.parseStopOnError(GruntParser.java:165)
	at org.apache.pig.tools.grunt.Grunt.exec(Grunt.java:84)
	at org.apache.pig.Main.run(Main.java:555)
	at org.apache.pig.Main.main(Main.java:111)
	at sun.reflect.NativeMethodAccessorImpl.invoke0(Native Method)
	at sun.reflect.NativeMethodAccessorImpl.invoke(NativeMethodAccessorImpl.java:39)
	at sun.reflect.DelegatingMethodAccessorImpl.invoke(DelegatingMethodAccessorImpl.java:25)
	at java.lang.reflect.Method.invoke(Method.java:597)
	at org.apache.hadoop.util.RunJar.main(RunJar.java:197)
Caused by: java.lang.IllegalStateException: Shutdown in progress
	at java.lang.ApplicationShutdownHooks.add(ApplicationShutdownHooks.java:39)
	at java.lang.Runtime.addShutdownHook(Runtime.java:192)
	at org.apache.pig.backend.hadoop.executionengine.mapReduceLayer.MapReduceLauncher.<init>(MapReduceLauncher.java:121)
	at org.apache.pig.PigServer.launchPlan(PigServer.java:1267)
	at org.apache.pig.PigServer.executeCompiledLogicalPlan(PigServer.java:1255)
	at org.apache.pig.PigServer.storeEx(PigServer.java:952)
	at org.apache.pig.PigServer.store(PigServer.java:919)
	at org.apache.pig.PigServer.openIterator(PigServer.java:832)
	... 12 more
================================================================================
