Pig Stack Trace
---------------
ERROR 1070: Could not resolve ToUnixTime using imports: [, org.apache.pig.builtin., org.apache.pig.impl.builtin.]

org.apache.pig.impl.logicalLayer.FrontendException: ERROR 1000: Error during parsing. Could not resolve ToUnixTime using imports: [, org.apache.pig.builtin., org.apache.pig.impl.builtin.]
	at org.apache.pig.PigServer$Graph.parseQuery(PigServer.java:1597)
	at org.apache.pig.PigServer$Graph.registerQuery(PigServer.java:1540)
	at org.apache.pig.PigServer.registerQuery(PigServer.java:540)
	at org.apache.pig.tools.grunt.GruntParser.processPig(GruntParser.java:970)
	at org.apache.pig.tools.pigscript.parser.PigScriptParser.parse(PigScriptParser.java:386)
	at org.apache.pig.tools.grunt.GruntParser.parseStopOnError(GruntParser.java:189)
	at org.apache.pig.tools.grunt.GruntParser.parseStopOnError(GruntParser.java:165)
	at org.apache.pig.tools.grunt.Grunt.exec(Grunt.java:84)
	at org.apache.pig.Main.run(Main.java:555)
	at org.apache.pig.Main.main(Main.java:111)
	at sun.reflect.NativeMethodAccessorImpl.invoke0(Native Method)
	at sun.reflect.NativeMethodAccessorImpl.invoke(NativeMethodAccessorImpl.java:39)
	at sun.reflect.DelegatingMethodAccessorImpl.invoke(DelegatingMethodAccessorImpl.java:25)
	at java.lang.reflect.Method.invoke(Method.java:597)
	at org.apache.hadoop.util.RunJar.main(RunJar.java:197)
Caused by: Failed to parse: Pig script failed to parse: 
<file 6.pig, line 10, column 23> Failed to generate logical plan. Nested exception: java.lang.RuntimeException: Cannot instantiate: ToUnixTime
	at org.apache.pig.parser.QueryParserDriver.parse(QueryParserDriver.java:182)
	at org.apache.pig.PigServer$Graph.parseQuery(PigServer.java:1589)
	... 14 more
Caused by: 
<file 6.pig, line 10, column 23> Failed to generate logical plan. Nested exception: java.lang.RuntimeException: Cannot instantiate: ToUnixTime
	at org.apache.pig.parser.LogicalPlanBuilder.buildUDF(LogicalPlanBuilder.java:980)
	at org.apache.pig.parser.LogicalPlanGenerator.func_eval(LogicalPlanGenerator.java:7316)
	at org.apache.pig.parser.LogicalPlanGenerator.projectable_expr(LogicalPlanGenerator.java:8857)
	at org.apache.pig.parser.LogicalPlanGenerator.var_expr(LogicalPlanGenerator.java:8632)
	at org.apache.pig.parser.LogicalPlanGenerator.expr(LogicalPlanGenerator.java:7984)
	at org.apache.pig.parser.LogicalPlanGenerator.cond(LogicalPlanGenerator.java:7072)
	at org.apache.pig.parser.LogicalPlanGenerator.filter_clause(LogicalPlanGenerator.java:6344)
	at org.apache.pig.parser.LogicalPlanGenerator.op_clause(LogicalPlanGenerator.java:1357)
	at org.apache.pig.parser.LogicalPlanGenerator.general_statement(LogicalPlanGenerator.java:789)
	at org.apache.pig.parser.LogicalPlanGenerator.statement(LogicalPlanGenerator.java:507)
	at org.apache.pig.parser.LogicalPlanGenerator.query(LogicalPlanGenerator.java:382)
	at org.apache.pig.parser.QueryParserDriver.parse(QueryParserDriver.java:175)
	... 15 more
Caused by: java.lang.RuntimeException: Cannot instantiate: ToUnixTime
	at org.apache.pig.impl.PigContext.instantiateFuncFromSpec(PigContext.java:510)
	at org.apache.pig.impl.PigContext.instantiateFuncFromSpec(PigContext.java:559)
	at org.apache.pig.impl.PigContext.instantiateFuncFromAlias(PigContext.java:582)
	at org.apache.pig.parser.LogicalPlanBuilder.buildUDF(LogicalPlanBuilder.java:977)
	... 26 more
Caused by: org.apache.pig.backend.executionengine.ExecException: ERROR 1070: Could not resolve ToUnixTime using imports: [, org.apache.pig.builtin., org.apache.pig.impl.builtin.]
	at org.apache.pig.impl.PigContext.resolveClassName(PigContext.java:495)
	at org.apache.pig.impl.PigContext.instantiateFuncFromSpec(PigContext.java:507)
	... 29 more
================================================================================
