Pig Stack Trace
---------------
ERROR 1025: 
<file 7.pig, line 12, column 27> Invalid field projection. Projected field [lenght] does not exist in schema: log::date:bytearray,log::length:int,log::type:bytearray,log::statuscode:bytearray,log::ipaddress:bytearray,log::url:chararray,log::html:bytearray,dutch::url:chararray,dutch::language:chararray.

org.apache.pig.impl.logicalLayer.FrontendException: ERROR 1067: Unable to explain alias pages
	at org.apache.pig.PigServer.explain(PigServer.java:1020)
	at org.apache.pig.tools.grunt.GruntParser.explainCurrentBatch(GruntParser.java:394)
	at org.apache.pig.tools.grunt.GruntParser.processExplain(GruntParser.java:326)
	at org.apache.pig.tools.grunt.GruntParser.processExplain(GruntParser.java:289)
	at org.apache.pig.tools.pigscript.parser.PigScriptParser.Explain(PigScriptParser.java:665)
	at org.apache.pig.tools.pigscript.parser.PigScriptParser.parse(PigScriptParser.java:325)
	at org.apache.pig.tools.grunt.GruntParser.parseStopOnError(GruntParser.java:189)
	at org.apache.pig.tools.grunt.GruntParser.parseStopOnError(GruntParser.java:165)
	at org.apache.pig.tools.grunt.Grunt.exec(Grunt.java:84)
	at org.apache.pig.Main.run(Main.java:555)
	at org.apache.pig.Main.main(Main.java:111)
	at sun.reflect.NativeMethodAccessorImpl.invoke0(Native Method)
	at sun.reflect.NativeMethodAccessorImpl.invoke(NativeMethodAccessorImpl.java:39)
	at sun.reflect.DelegatingMethodAccessorImpl.invoke(DelegatingMethodAccessorImpl.java:25)
	at java.lang.reflect.Method.invoke(Method.java:597)
	at org.apache.hadoop.util.RunJar.main(RunJar.java:197)
Caused by: org.apache.pig.impl.plan.PlanValidationException: ERROR 1025: 
<file 7.pig, line 12, column 27> Invalid field projection. Projected field [lenght] does not exist in schema: log::date:bytearray,log::length:int,log::type:bytearray,log::statuscode:bytearray,log::ipaddress:bytearray,log::url:chararray,log::html:bytearray,dutch::url:chararray,dutch::language:chararray.
	at org.apache.pig.newplan.logical.expression.ProjectExpression.findColNum(ProjectExpression.java:183)
	at org.apache.pig.newplan.logical.expression.ProjectExpression.setColumnNumberFromAlias(ProjectExpression.java:166)
	at org.apache.pig.newplan.logical.visitor.ColumnAliasConversionVisitor$1.visit(ColumnAliasConversionVisitor.java:53)
	at org.apache.pig.newplan.logical.expression.ProjectExpression.accept(ProjectExpression.java:207)
	at org.apache.pig.newplan.DependencyOrderWalker.walk(DependencyOrderWalker.java:75)
	at org.apache.pig.newplan.PlanVisitor.visit(PlanVisitor.java:50)
	at org.apache.pig.newplan.logical.optimizer.AllExpressionVisitor.visit(AllExpressionVisitor.java:136)
	at org.apache.pig.newplan.logical.relational.LOInnerLoad.accept(LOInnerLoad.java:128)
	at org.apache.pig.newplan.DependencyOrderWalker.walk(DependencyOrderWalker.java:75)
	at org.apache.pig.newplan.logical.optimizer.AllExpressionVisitor.visit(AllExpressionVisitor.java:114)
	at org.apache.pig.newplan.logical.relational.LOForEach.accept(LOForEach.java:75)
	at org.apache.pig.newplan.DependencyOrderWalker.walk(DependencyOrderWalker.java:75)
	at org.apache.pig.newplan.PlanVisitor.visit(PlanVisitor.java:50)
	at org.apache.pig.PigServer$Graph.compile(PigServer.java:1616)
	at org.apache.pig.PigServer$Graph.compile(PigServer.java:1611)
	at org.apache.pig.PigServer$Graph.access$200(PigServer.java:1334)
	at org.apache.pig.PigServer.buildStorePlan(PigServer.java:1222)
	at org.apache.pig.PigServer.explain(PigServer.java:998)
	... 15 more
================================================================================
